<?xml version="1.0" encoding="UTF-8"?>
<!-- Generated by org.testng.reporters.JUnitXMLReporter -->
<testsuite ignored="0" hostname="DESKTOP-STRDR2D" failures="1" tests="6" name="API Test" time="4.793" errors="0" timestamp="2024-05-20T01:42:10 IST">
  <testcase classname="serviceRequest.CurrentWeatherAPI" name="testCurrentWeather" time="2.27">
    <failure type="java.lang.AssertionError" message="1 expectation failed.
JSON path name doesn&amp;apos;t match.
Expected: Kolkata
  Actual: Bara Bazar
">
      <![CDATA[java.lang.AssertionError: 1 expectation failed.
JSON path name doesn't match.
Expected: Kolkata
  Actual: Bara Bazar

at org.codehaus.groovy.runtime.callsite.ConstructorSite$ConstructorSiteNoUnwrapNoCoerce.callConstructor(ConstructorSite.java:108)
at org.codehaus.groovy.runtime.callsite.CallSiteArray.defaultCallConstructor(CallSiteArray.java:57)
at org.codehaus.groovy.runtime.callsite.AbstractCallSite.callConstructor(AbstractCallSite.java:263)
at org.codehaus.groovy.runtime.callsite.AbstractCallSite.callConstructor(AbstractCallSite.java:277)
at io.restassured.internal.ResponseSpecificationImpl$HamcrestAssertionClosure.validate(ResponseSpecificationImpl.groovy:512)
at io.restassured.internal.ResponseSpecificationImpl$HamcrestAssertionClosure$validate$1.call(Unknown Source)
at io.restassured.internal.ResponseSpecificationImpl.validateResponseIfRequired(ResponseSpecificationImpl.groovy:696)
at io.restassured.internal.ResponseSpecificationImpl.this$2$validateResponseIfRequired(ResponseSpecificationImpl.groovy)
at org.codehaus.groovy.runtime.callsite.PlainObjectMetaMethodSite.doInvoke(PlainObjectMetaMethodSite.java:43)
at org.codehaus.groovy.runtime.callsite.PogoMetaMethodSite$PogoCachedMethodSiteNoUnwrapNoCoerce.invoke(PogoMetaMethodSite.java:198)
at org.codehaus.groovy.runtime.callsite.PogoMetaMethodSite.callCurrent(PogoMetaMethodSite.java:62)
at org.codehaus.groovy.runtime.callsite.AbstractCallSite.callCurrent(AbstractCallSite.java:185)
at io.restassured.internal.ResponseSpecificationImpl.body(ResponseSpecificationImpl.groovy:270)
at io.restassured.specification.ResponseSpecification$body$1.callCurrent(Unknown Source)
at io.restassured.internal.ResponseSpecificationImpl.body(ResponseSpecificationImpl.groovy:117)
at io.restassured.internal.ValidatableResponseOptionsImpl.body(ValidatableResponseOptionsImpl.java:244)
at serviceRequest.CurrentWeatherAPI.testCurrentWeather(CurrentWeatherAPI.java:36)
at java.base/java.util.ArrayList.forEach(ArrayList.java:1596)
... Removed 31 stack frames]]>
    </failure>
  </testcase> <!-- testCurrentWeather -->
  <testcase classname="serviceRequest.CurrentWeatherAPI" name="testFiveDayForecast" time="0.82"/>
  <testcase classname="serviceRequest.CurrentWeatherAPI" name="testInvalidAppIdForForecast" time="0.431"/>
  <testcase classname="serviceRequest.CurrentWeatherAPI" name="testInvalidAppIdForWeather" time="0.426"/>
  <testcase classname="serviceRequest.CurrentWeatherAPI" name="testInvalidCityForForecast" time="0.384"/>
  <testcase classname="serviceRequest.CurrentWeatherAPI" name="testInvalidCityForWeather" time="0.425"/>
</testsuite> <!-- API Test -->
